# JRE version: OpenJDK Runtime Environment (8.0_152-b01) (build 1.8.0_152-release-1343-b01)
# Java VM: OpenJDK 64-Bit Server VM (25.152-b01 mixed mode windows-amd64 compressed oops)
Heap:
 PSYoungGen      total 137216K, used 37525K [0x00000000e0000000, 0x00000000ea500000, 0x0000000100000000)
  eden space 122880K, 19% used [0x00000000e0000000,0x00000000e17819f8,0x00000000e7800000)
  from space 14336K, 93% used [0x00000000e7800000,0x00000000e8523d20,0x00000000e8600000)
  to   space 15872K, 0% used [0x00000000e9580000,0x00000000e9580000,0x00000000ea500000)
 ParOldGen       total 82432K, used 34044K [0x00000000a0000000, 0x00000000a5080000, 0x00000000e0000000)
  object space 82432K, 41% used [0x00000000a0000000,0x00000000a213f360,0x00000000a5080000)
 Metaspace       used 61526K, capacity 63316K, committed 63616K, reserved 1103872K
  class space    used 8345K, capacity 8737K, committed 8832K, reserved 1048576K
GC Heap History (10 events):
Event: 7.335 GC heap before
{Heap before GC invocations=10 (full 2):
 PSYoungGen      total 116736K, used 8165K [0x00000000e0000000, 0x00000000e9380000, 0x0000000100000000)
  eden space 108544K, 0% used [0x00000000e0000000,0x00000000e0000000,0x00000000e6a00000)
  from space 8192K, 99% used [0x00000000e8b80000,0x00000000e93797c0,0x00000000e9380000)
  to   space 11776K, 0% used [0x00000000e7c80000,0x00000000e7c80000,0x00000000e8800000)
 ParOldGen       total 60416K, used 11904K [0x00000000a0000000, 0x00000000a3b00000, 0x00000000e0000000)
  object space 60416K, 19% used [0x00000000a0000000,0x00000000a0ba0258,0x00000000a3b00000)
 Metaspace       used 34624K, capacity 35416K, committed 35456K, reserved 1079296K
  class space    used 4770K, capacity 4989K, committed 4992K, reserved 1048576K
Event: 7.444 GC heap after
Heap after GC invocations=10 (full 2):
 PSYoungGen      total 116736K, used 0K [0x00000000e0000000, 0x00000000e9380000, 0x0000000100000000)
  eden space 108544K, 0% used [0x00000000e0000000,0x00000000e0000000,0x00000000e6a00000)
  from space 8192K, 0% used [0x00000000e8b80000,0x00000000e8b80000,0x00000000e9380000)
  to   space 11776K, 0% used [0x00000000e7c80000,0x00000000e7c80000,0x00000000e8800000)
 ParOldGen       total 82432K, used 15509K [0x00000000a0000000, 0x00000000a5080000, 0x00000000e0000000)
  object space 82432K, 18% used [0x00000000a0000000,0x00000000a0f25670,0x00000000a5080000)
 Metaspace       used 34620K, capacity 35404K, committed 35456K, reserved 1079296K
  class space    used 4769K, capacity 4987K, committed 4992K, reserved 1048576K
}
Event: 8.339 GC heap before
{Heap before GC invocations=11 (full 2):
 PSYoungGen      total 116736K, used 56656K [0x00000000e0000000, 0x00000000e9380000, 0x0000000100000000)
  eden space 108544K, 52% used [0x00000000e0000000,0x00000000e37541b0,0x00000000e6a00000)
  from space 8192K, 0% used [0x00000000e8b80000,0x00000000e8b80000,0x00000000e9380000)
  to   space 11776K, 0% used [0x00000000e7c80000,0x00000000e7c80000,0x00000000e8800000)
 ParOldGen       total 82432K, used 15509K [0x00000000a0000000, 0x00000000a5080000, 0x00000000e0000000)
  object space 82432K, 18% used [0x00000000a0000000,0x00000000a0f25670,0x00000000a5080000)
 Metaspace       used 41286K, capacity 42166K, committed 42240K, reserved 1089536K
  class space    used 5609K, capacity 5887K, committed 5888K, reserved 1048576K
Event: 8.362 GC heap after
Heap after GC invocations=11 (full 2):
 PSYoungGen      total 120320K, used 7891K [0x00000000e0000000, 0x00000000e9380000, 0x0000000100000000)
  eden space 108544K, 0% used [0x00000000e0000000,0x00000000e0000000,0x00000000e6a00000)
  from space 11776K, 67% used [0x00000000e7c80000,0x00000000e8434cc8,0x00000000e8800000)
  to   space 8192K, 0% used [0x00000000e8b80000,0x00000000e8b80000,0x00000000e9380000)
 ParOldGen       total 82432K, used 15517K [0x00000000a0000000, 0x00000000a5080000, 0x00000000e0000000)
  object space 82432K, 18% used [0x00000000a0000000,0x00000000a0f27670,0x00000000a5080000)
 Metaspace       used 41286K, capacity 42166K, committed 42240K, reserved 1089536K
  class space    used 5609K, capacity 5887K, committed 5888K, reserved 1048576K
}
Event: 8.362 GC heap before
{Heap before GC invocations=12 (full 3):
 PSYoungGen      total 120320K, used 7891K [0x00000000e0000000, 0x00000000e9380000, 0x0000000100000000)
  eden space 108544K, 0% used [0x00000000e0000000,0x00000000e0000000,0x00000000e6a00000)
  from space 11776K, 67% used [0x00000000e7c80000,0x00000000e8434cc8,0x00000000e8800000)
  to   space 8192K, 0% used [0x00000000e8b80000,0x00000000e8b80000,0x00000000e9380000)
 ParOldGen       total 82432K, used 15517K [0x00000000a0000000, 0x00000000a5080000, 0x00000000e0000000)
  object space 82432K, 18% used [0x00000000a0000000,0x00000000a0f27670,0x00000000a5080000)
 Metaspace       used 41286K, capacity 42166K, committed 42240K, reserved 1089536K
  class space    used 5609K, capacity 5887K, committed 5888K, reserved 1048576K
Event: 8.590 GC heap after
Heap after GC invocations=12 (full 3):
 PSYoungGen      total 120320K, used 0K [0x00000000e0000000, 0x00000000e9380000, 0x0000000100000000)
  eden space 108544K, 0% used [0x00000000e0000000,0x00000000e0000000,0x00000000e6a00000)
  from space 11776K, 0% used [0x00000000e7c80000,0x00000000e7c80000,0x00000000e8800000)
  to   space 8192K, 0% used [0x00000000e8b80000,0x00000000e8b80000,0x00000000e9380000)
 ParOldGen       total 82432K, used 22385K [0x00000000a0000000, 0x00000000a5080000, 0x00000000e0000000)
  object space 82432K, 27% used [0x00000000a0000000,0x00000000a15dc658,0x00000000a5080000)
 Metaspace       used 41286K, capacity 42166K, committed 42240K, reserved 1087488K
  class space    used 5609K, capacity 5887K, committed 5888K, reserved 1048576K
}
Event: 13.913 GC heap before
{Heap before GC invocations=13 (full 3):
 PSYoungGen      total 120320K, used 108544K [0x00000000e0000000, 0x00000000e9380000, 0x0000000100000000)
  eden space 108544K, 100% used [0x00000000e0000000,0x00000000e6a00000,0x00000000e6a00000)
  from space 11776K, 0% used [0x00000000e7c80000,0x00000000e7c80000,0x00000000e8800000)
  to   space 8192K, 0% used [0x00000000e8b80000,0x00000000e8b80000,0x00000000e9380000)
 ParOldGen       total 82432K, used 22385K [0x00000000a0000000, 0x00000000a5080000, 0x00000000e0000000)
  object space 82432K, 27% used [0x00000000a0000000,0x00000000a15dc658,0x00000000a5080000)
 Metaspace       used 50966K, capacity 51998K, committed 52224K, reserved 1095680K
  class space    used 6839K, capacity 7104K, committed 7168K, reserved 1048576K
Event: 13.930 GC heap after
Heap after GC invocations=13 (full 3):
 PSYoungGen      total 131072K, used 8168K [0x00000000e0000000, 0x00000000e9400000, 0x0000000100000000)
  eden space 122880K, 0% used [0x00000000e0000000,0x00000000e0000000,0x00000000e7800000)
  from space 8192K, 99% used [0x00000000e8b80000,0x00000000e937a2d8,0x00000000e9380000)
  to   space 14336K, 0% used [0x00000000e7800000,0x00000000e7800000,0x00000000e8600000)
 ParOldGen       total 82432K, used 27477K [0x00000000a0000000, 0x00000000a5080000, 0x00000000e0000000)
  object space 82432K, 33% used [0x00000000a0000000,0x00000000a1ad5630,0x00000000a5080000)
 Metaspace       used 50966K, capacity 51998K, committed 52224K, reserved 1095680K
  class space    used 6839K, capacity 7104K, committed 7168K, reserved 1048576K
}
Event: 17.133 GC heap before
{Heap before GC invocations=14 (full 3):
 PSYoungGen      total 131072K, used 131048K [0x00000000e0000000, 0x00000000e9400000, 0x0000000100000000)
  eden space 122880K, 100% used [0x00000000e0000000,0x00000000e7800000,0x00000000e7800000)
  from space 8192K, 99% used [0x00000000e8b80000,0x00000000e937a2d8,0x00000000e9380000)
  to   space 14336K, 0% used [0x00000000e7800000,0x00000000e7800000,0x00000000e8600000)
 ParOldGen       total 82432K, used 27477K [0x00000000a0000000, 0x00000000a5080000, 0x00000000e0000000)
  object space 82432K, 33% used [0x00000000a0000000,0x00000000a1ad5630,0x00000000a5080000)
 Metaspace       used 60187K, capacity 61882K, committed 62080K, reserved 1103872K
  class space    used 8140K, capacity 8530K, committed 8576K, reserved 1048576K
Event: 17.162 GC heap after
Heap after GC invocations=14 (full 3):
 PSYoungGen      total 137216K, used 13455K [0x00000000e0000000, 0x00000000ea500000, 0x0000000100000000)
  eden space 122880K, 0% used [0x00000000e0000000,0x00000000e0000000,0x00000000e7800000)
  from space 14336K, 93% used [0x00000000e7800000,0x00000000e8523d20,0x00000000e8600000)
  to   space 15872K, 0% used [0x00000000e9580000,0x00000000e9580000,0x00000000ea500000)
 ParOldGen       total 82432K, used 34044K [0x00000000a0000000, 0x00000000a5080000, 0x00000000e0000000)
  object space 82432K, 41% used [0x00000000a0000000,0x00000000a213f360,0x00000000a5080000)
 Metaspace       used 60187K, capacity 61882K, committed 62080K, reserved 1103872K
  class space    used 8140K, capacity 8530K, committed 8576K, reserved 1048576K
}

